# JRE version: OpenJDK Runtime Environment Temurin-17.0.7+7 (17.0.7+7) (build 17.0.7+7)
# Java VM: OpenJDK 64-Bit Server VM Temurin-17.0.7+7 (17.0.7+7, mixed mode, tiered, compressed oops, compressed class ptrs, parallel gc, windows-amd64)
GC Precious Log:
 CPUs: 4 total, 4 available
 Memory: 4007M
 Large Page Support: Disabled
 NUMA Support: Disabled
 Compressed Oops: Enabled (32-bit)
 Alignments: Space 512K, Generation 512K, Heap 2M
 Heap Min Capacity: 100M
 Heap Initial Capacity: 100M
 Heap Max Capacity: 1G
 Pre-touch: Disabled
 Parallel Workers: 4
Heap:
 PSYoungGen      total 7168K, used 5234K [0x00000000eab00000, 0x00000000eb580000, 0x0000000100000000)
  eden space 4096K, 64% used [0x00000000eab00000,0x00000000ead92cf0,0x00000000eaf00000)
  from space 3072K, 84% used [0x00000000eb280000,0x00000000eb509b48,0x00000000eb580000)
  to   space 3072K, 0% used [0x00000000eaf80000,0x00000000eaf80000,0x00000000eb280000)
 ParOldGen       total 216576K, used 202379K [0x00000000c0000000, 0x00000000cd380000, 0x00000000eab00000)
  object space 216576K, 93% used [0x00000000c0000000,0x00000000cc5a2c70,0x00000000cd380000)
 Metaspace       used 61251K, committed 62336K, reserved 1114112K
  class space    used 6646K, committed 7104K, reserved 1048576K
GC Heap History (20 events):
Event: 194.692 GC heap before
{Heap before GC invocations=450 (full 16):
 PSYoungGen      total 5120K, used 4838K [0x00000000eab00000, 0x00000000eb200000, 0x0000000100000000)
  eden space 3584K, 100% used [0x00000000eab00000,0x00000000eae80000,0x00000000eae80000)
  from space 1536K, 81% used [0x00000000eae80000,0x00000000eafb99b8,0x00000000eb000000)
  to   space 1536K, 0% used [0x00000000eb080000,0x00000000eb080000,0x00000000eb200000)
 ParOldGen       total 358400K, used 343345K [0x00000000c0000000, 0x00000000d5e00000, 0x00000000eab00000)
  object space 358400K, 95% used [0x00000000c0000000,0x00000000d4f4c598,0x00000000d5e00000)
 Metaspace       used 58257K, committed 59264K, reserved 1114112K
  class space    used 6261K, committed 6656K, reserved 1048576K
}
Event: 194.694 GC heap after
{Heap after GC invocations=450 (full 16):
 PSYoungGen      total 5632K, used 1238K [0x00000000eab00000, 0x00000000eb280000, 0x0000000100000000)
  eden space 4096K, 0% used [0x00000000eab00000,0x00000000eab00000,0x00000000eaf00000)
  from space 1536K, 80% used [0x00000000eb080000,0x00000000eb1b59c0,0x00000000eb200000)
  to   space 1536K, 0% used [0x00000000eaf00000,0x00000000eaf00000,0x00000000eb080000)
 ParOldGen       total 358400K, used 344121K [0x00000000c0000000, 0x00000000d5e00000, 0x00000000eab00000)
  object space 358400K, 96% used [0x00000000c0000000,0x00000000d500e620,0x00000000d5e00000)
 Metaspace       used 58257K, committed 59264K, reserved 1114112K
  class space    used 6261K, committed 6656K, reserved 1048576K
}
Event: 194.926 GC heap before
{Heap before GC invocations=451 (full 16):
 PSYoungGen      total 5632K, used 5334K [0x00000000eab00000, 0x00000000eb280000, 0x0000000100000000)
  eden space 4096K, 100% used [0x00000000eab00000,0x00000000eaf00000,0x00000000eaf00000)
  from space 1536K, 80% used [0x00000000eb080000,0x00000000eb1b59c0,0x00000000eb200000)
  to   space 1536K, 0% used [0x00000000eaf00000,0x00000000eaf00000,0x00000000eb080000)
 ParOldGen       total 358400K, used 344121K [0x00000000c0000000, 0x00000000d5e00000, 0x00000000eab00000)
  object space 358400K, 96% used [0x00000000c0000000,0x00000000d500e620,0x00000000d5e00000)
 Metaspace       used 58257K, committed 59264K, reserved 1114112K
  class space    used 6261K, committed 6656K, reserved 1048576K
}
Event: 194.929 GC heap after
{Heap after GC invocations=451 (full 16):
 PSYoungGen      total 5632K, used 679K [0x00000000eab00000, 0x00000000eb180000, 0x0000000100000000)
  eden space 4096K, 0% used [0x00000000eab00000,0x00000000eab00000,0x00000000eaf00000)
  from space 1536K, 44% used [0x00000000eaf00000,0x00000000eafa9d58,0x00000000eb080000)
  to   space 1024K, 0% used [0x00000000eb080000,0x00000000eb080000,0x00000000eb180000)
 ParOldGen       total 358400K, used 345282K [0x00000000c0000000, 0x00000000d5e00000, 0x00000000eab00000)
  object space 358400K, 96% used [0x00000000c0000000,0x00000000d5130998,0x00000000d5e00000)
 Metaspace       used 58257K, committed 59264K, reserved 1114112K
  class space    used 6261K, committed 6656K, reserved 1048576K
}
Event: 195.271 GC heap before
{Heap before GC invocations=452 (full 16):
 PSYoungGen      total 5632K, used 4775K [0x00000000eab00000, 0x00000000eb180000, 0x0000000100000000)
  eden space 4096K, 100% used [0x00000000eab00000,0x00000000eaf00000,0x00000000eaf00000)
  from space 1536K, 44% used [0x00000000eaf00000,0x00000000eafa9d58,0x00000000eb080000)
  to   space 1024K, 0% used [0x00000000eb080000,0x00000000eb080000,0x00000000eb180000)
 ParOldGen       total 358400K, used 345282K [0x00000000c0000000, 0x00000000d5e00000, 0x00000000eab00000)
  object space 358400K, 96% used [0x00000000c0000000,0x00000000d5130998,0x00000000d5e00000)
 Metaspace       used 58257K, committed 59264K, reserved 1114112K
  class space    used 6261K, committed 6656K, reserved 1048576K
}
Event: 195.275 GC heap after
{Heap after GC invocations=452 (full 16):
 PSYoungGen      total 5632K, used 626K [0x00000000eab00000, 0x00000000eb180000, 0x0000000100000000)
  eden space 4608K, 0% used [0x00000000eab00000,0x00000000eab00000,0x00000000eaf80000)
  from space 1024K, 61% used [0x00000000eb080000,0x00000000eb11c960,0x00000000eb180000)
  to   space 1024K, 0% used [0x00000000eaf80000,0x00000000eaf80000,0x00000000eb080000)
 ParOldGen       total 358400K, used 345916K [0x00000000c0000000, 0x00000000d5e00000, 0x00000000eab00000)
  object space 358400K, 96% used [0x00000000c0000000,0x00000000d51cf3d0,0x00000000d5e00000)
 Metaspace       used 58257K, committed 59264K, reserved 1114112K
  class space    used 6261K, committed 6656K, reserved 1048576K
}
Event: 195.879 GC heap before
{Heap before GC invocations=453 (full 16):
 PSYoungGen      total 5632K, used 5234K [0x00000000eab00000, 0x00000000eb180000, 0x0000000100000000)
  eden space 4608K, 100% used [0x00000000eab00000,0x00000000eaf80000,0x00000000eaf80000)
  from space 1024K, 61% used [0x00000000eb080000,0x00000000eb11c960,0x00000000eb180000)
  to   space 1024K, 0% used [0x00000000eaf80000,0x00000000eaf80000,0x00000000eb080000)
 ParOldGen       total 358400K, used 345916K [0x00000000c0000000, 0x00000000d5e00000, 0x00000000eab00000)
  object space 358400K, 96% used [0x00000000c0000000,0x00000000d51cf3d0,0x00000000d5e00000)
 Metaspace       used 58276K, committed 59264K, reserved 1114112K
  class space    used 6265K, committed 6656K, reserved 1048576K
}
Event: 195.885 GC heap after
{Heap after GC invocations=453 (full 16):
 PSYoungGen      total 5632K, used 1000K [0x00000000eab00000, 0x00000000eb280000, 0x0000000100000000)
  eden space 4608K, 0% used [0x00000000eab00000,0x00000000eab00000,0x00000000eaf80000)
  from space 1024K, 97% used [0x00000000eaf80000,0x00000000eb07a030,0x00000000eb080000)
  to   space 1536K, 0% used [0x00000000eb100000,0x00000000eb100000,0x00000000eb280000)
 ParOldGen       total 358400K, used 346152K [0x00000000c0000000, 0x00000000d5e00000, 0x00000000eab00000)
  object space 358400K, 96% used [0x00000000c0000000,0x00000000d520a050,0x00000000d5e00000)
 Metaspace       used 58276K, committed 59264K, reserved 1114112K
  class space    used 6265K, committed 6656K, reserved 1048576K
}
Event: 195.931 GC heap before
{Heap before GC invocations=454 (full 16):
 PSYoungGen      total 5632K, used 5608K [0x00000000eab00000, 0x00000000eb280000, 0x0000000100000000)
  eden space 4608K, 100% used [0x00000000eab00000,0x00000000eaf80000,0x00000000eaf80000)
  from space 1024K, 97% used [0x00000000eaf80000,0x00000000eb07a030,0x00000000eb080000)
  to   space 1536K, 0% used [0x00000000eb100000,0x00000000eb100000,0x00000000eb280000)
 ParOldGen       total 358400K, used 346152K [0x00000000c0000000, 0x00000000d5e00000, 0x00000000eab00000)
  object space 358400K, 96% used [0x00000000c0000000,0x00000000d520a050,0x00000000d5e00000)
 Metaspace       used 58276K, committed 59264K, reserved 1114112K
  class space    used 6265K, committed 6656K, reserved 1048576K
}
Event: 195.936 GC heap after
{Heap after GC invocations=454 (full 16):
 PSYoungGen      total 6144K, used 736K [0x00000000eab00000, 0x00000000eb200000, 0x0000000100000000)
  eden space 5120K, 0% used [0x00000000eab00000,0x00000000eab00000,0x00000000eb000000)
  from space 1024K, 71% used [0x00000000eb100000,0x00000000eb1b8000,0x00000000eb200000)
  to   space 1024K, 0% used [0x00000000eb000000,0x00000000eb000000,0x00000000eb100000)
 ParOldGen       total 358400K, used 347167K [0x00000000c0000000, 0x00000000d5e00000, 0x00000000eab00000)
  object space 358400K, 96% used [0x00000000c0000000,0x00000000d5307fa8,0x00000000d5e00000)
 Metaspace       used 58276K, committed 59264K, reserved 1114112K
  class space    used 6265K, committed 6656K, reserved 1048576K
}
Event: 196.867 GC heap before
{Heap before GC invocations=455 (full 16):
 PSYoungGen      total 6144K, used 5856K [0x00000000eab00000, 0x00000000eb200000, 0x0000000100000000)
  eden space 5120K, 100% used [0x00000000eab00000,0x00000000eb000000,0x00000000eb000000)
  from space 1024K, 71% used [0x00000000eb100000,0x00000000eb1b8000,0x00000000eb200000)
  to   space 1024K, 0% used [0x00000000eb000000,0x00000000eb000000,0x00000000eb100000)
 ParOldGen       total 358400K, used 347167K [0x00000000c0000000, 0x00000000d5e00000, 0x00000000eab00000)
  object space 358400K, 96% used [0x00000000c0000000,0x00000000d5307fa8,0x00000000d5e00000)
 Metaspace       used 58329K, committed 59328K, reserved 1114112K
  class space    used 6271K, committed 6720K, reserved 1048576K
}
Event: 196.874 GC heap after
{Heap after GC invocations=455 (full 16):
 PSYoungGen      total 6144K, used 1017K [0x00000000eab00000, 0x00000000eb400000, 0x0000000100000000)
  eden space 5120K, 0% used [0x00000000eab00000,0x00000000eab00000,0x00000000eb000000)
  from space 1024K, 99% used [0x00000000eb000000,0x00000000eb0fe5f0,0x00000000eb100000)
  to   space 2048K, 0% used [0x00000000eb200000,0x00000000eb200000,0x00000000eb400000)
 ParOldGen       total 358400K, used 347611K [0x00000000c0000000, 0x00000000d5e00000, 0x00000000eab00000)
  object space 358400K, 96% used [0x00000000c0000000,0x00000000d5376f78,0x00000000d5e00000)
 Metaspace       used 58329K, committed 59328K, reserved 1114112K
  class space    used 6271K, committed 6720K, reserved 1048576K
}
Event: 197.715 GC heap before
{Heap before GC invocations=456 (full 16):
 PSYoungGen      total 6144K, used 6137K [0x00000000eab00000, 0x00000000eb400000, 0x0000000100000000)
  eden space 5120K, 100% used [0x00000000eab00000,0x00000000eb000000,0x00000000eb000000)
  from space 1024K, 99% used [0x00000000eb000000,0x00000000eb0fe5f0,0x00000000eb100000)
  to   space 2048K, 0% used [0x00000000eb200000,0x00000000eb200000,0x00000000eb400000)
 ParOldGen       total 358400K, used 347611K [0x00000000c0000000, 0x00000000d5e00000, 0x00000000eab00000)
  object space 358400K, 96% used [0x00000000c0000000,0x00000000d5376f78,0x00000000d5e00000)
 Metaspace       used 58427K, committed 59392K, reserved 1114112K
  class space    used 6277K, committed 6720K, reserved 1048576K
}
Event: 197.724 GC heap after
{Heap after GC invocations=456 (full 16):
 PSYoungGen      total 6144K, used 849K [0x00000000eab00000, 0x00000000eb300000, 0x0000000100000000)
  eden space 5120K, 0% used [0x00000000eab00000,0x00000000eab00000,0x00000000eb000000)
  from space 1024K, 82% used [0x00000000eb200000,0x00000000eb2d44b0,0x00000000eb300000)
  to   space 1536K, 0% used [0x00000000eb000000,0x00000000eb000000,0x00000000eb180000)
 ParOldGen       total 358400K, used 348604K [0x00000000c0000000, 0x00000000d5e00000, 0x00000000eab00000)
  object space 358400K, 97% used [0x00000000c0000000,0x00000000d546f188,0x00000000d5e00000)
 Metaspace       used 58427K, committed 59392K, reserved 1114112K
  class space    used 6277K, committed 6720K, reserved 1048576K
}
Event: 198.064 GC heap before
{Heap before GC invocations=457 (full 16):
 PSYoungGen      total 6144K, used 5969K [0x00000000eab00000, 0x00000000eb300000, 0x0000000100000000)
  eden space 5120K, 100% used [0x00000000eab00000,0x00000000eb000000,0x00000000eb000000)
  from space 1024K, 82% used [0x00000000eb200000,0x00000000eb2d44b0,0x00000000eb300000)
  to   space 1536K, 0% used [0x00000000eb000000,0x00000000eb000000,0x00000000eb180000)
 ParOldGen       total 358400K, used 348604K [0x00000000c0000000, 0x00000000d5e00000, 0x00000000eab00000)
  object space 358400K, 97% used [0x00000000c0000000,0x00000000d546f188,0x00000000d5e00000)
 Metaspace       used 58502K, committed 59520K, reserved 1114112K
  class space    used 6289K, committed 6720K, reserved 1048576K
}
Event: 198.067 GC heap after
{Heap after GC invocations=457 (full 16):
 PSYoungGen      total 6656K, used 1536K [0x00000000eab00000, 0x00000000eb400000, 0x0000000100000000)
  eden space 5120K, 0% used [0x00000000eab00000,0x00000000eab00000,0x00000000eb000000)
  from space 1536K, 100% used [0x00000000eb000000,0x00000000eb180000,0x00000000eb180000)
  to   space 2048K, 0% used [0x00000000eb200000,0x00000000eb200000,0x00000000eb400000)
 ParOldGen       total 358400K, used 348604K [0x00000000c0000000, 0x00000000d5e00000, 0x00000000eab00000)
  object space 358400K, 97% used [0x00000000c0000000,0x00000000d546f188,0x00000000d5e00000)
 Metaspace       used 58502K, committed 59520K, reserved 1114112K
  class space    used 6289K, committed 6720K, reserved 1048576K
}
Event: 198.829 GC heap before
{Heap before GC invocations=458 (full 16):
 PSYoungGen      total 6656K, used 6655K [0x00000000eab00000, 0x00000000eb400000, 0x0000000100000000)
  eden space 5120K, 99% used [0x00000000eab00000,0x00000000eafffe48,0x00000000eb000000)
  from space 1536K, 100% used [0x00000000eb000000,0x00000000eb180000,0x00000000eb180000)
  to   space 2048K, 0% used [0x00000000eb200000,0x00000000eb200000,0x00000000eb400000)
 ParOldGen       total 358400K, used 348604K [0x00000000c0000000, 0x00000000d5e00000, 0x00000000eab00000)
  object space 358400K, 97% used [0x00000000c0000000,0x00000000d546f188,0x00000000d5e00000)
 Metaspace       used 58565K, committed 59584K, reserved 1114112K
  class space    used 6294K, committed 6784K, reserved 1048576K
}
Event: 198.838 GC heap after
{Heap after GC invocations=458 (full 16):
 PSYoungGen      total 6656K, used 2029K [0x00000000eab00000, 0x00000000eb500000, 0x0000000100000000)
  eden space 4608K, 0% used [0x00000000eab00000,0x00000000eab00000,0x00000000eaf80000)
  from space 2048K, 99% used [0x00000000eb200000,0x00000000eb3fb658,0x00000000eb400000)
  to   space 2560K, 0% used [0x00000000eaf80000,0x00000000eaf80000,0x00000000eb200000)
 ParOldGen       total 358400K, used 348852K [0x00000000c0000000, 0x00000000d5e00000, 0x00000000eab00000)
  object space 358400K, 97% used [0x00000000c0000000,0x00000000d54ad188,0x00000000d5e00000)
 Metaspace       used 58565K, committed 59584K, reserved 1114112K
  class space    used 6294K, committed 6784K, reserved 1048576K
}
Event: 200.620 GC heap before
{Heap before GC invocations=459 (full 16):
 PSYoungGen      total 6656K, used 6637K [0x00000000eab00000, 0x00000000eb500000, 0x0000000100000000)
  eden space 4608K, 100% used [0x00000000eab00000,0x00000000eaf80000,0x00000000eaf80000)
  from space 2048K, 99% used [0x00000000eb200000,0x00000000eb3fb658,0x00000000eb400000)
  to   space 2560K, 0% used [0x00000000eaf80000,0x00000000eaf80000,0x00000000eb200000)
 ParOldGen       total 358400K, used 348852K [0x00000000c0000000, 0x00000000d5e00000, 0x00000000eab00000)
  object space 358400K, 97% used [0x00000000c0000000,0x00000000d54ad188,0x00000000d5e00000)
 Metaspace       used 58612K, committed 59648K, reserved 1114112K
  class space    used 6299K, committed 6784K, reserved 1048576K
}
Event: 200.629 GC heap after
{Heap after GC invocations=459 (full 16):
 PSYoungGen      total 6144K, used 1372K [0x00000000eab00000, 0x00000000eb380000, 0x0000000100000000)
  eden space 4608K, 0% used [0x00000000eab00000,0x00000000eab00000,0x00000000eaf80000)
  from space 1536K, 89% used [0x00000000eaf80000,0x00000000eb0d71a8,0x00000000eb100000)
  to   space 2048K, 0% used [0x00000000eb180000,0x00000000eb180000,0x00000000eb380000)
 ParOldGen       total 358400K, used 350224K [0x00000000c0000000, 0x00000000d5e00000, 0x00000000eab00000)
  object space 358400K, 97% used [0x00000000c0000000,0x00000000d5604280,0x00000000d5e00000)
 Metaspace       used 58612K, committed 59648K, reserved 1114112K
  class space    used 6299K, committed 6784K, reserved 1048576K
}

